<?xml version="1.0" encoding="UTF-8"?>
<testsuite xmlns:xsi="http://www.w3.org/2001/XMLSchema-instance" xsi:noNamespaceSchemaLocation="https://maven.apache.org/surefire/maven-surefire-plugin/xsd/surefire-test-report-3.0.xsd" version="3.0" name="com.akash.Social_Media_App.SocialMediaAppApplicationTests" time="11.7" tests="1" errors="0" skipped="0" failures="0">
  <properties>
[...]
</properties>
  <testcase name="contextLoads" classname="com.akash.Social_Media_App.SocialMediaAppApplicationTests" time="2.281">
    <system-out><![CDATA[22:46:53.112 [main] INFO org.springframework.test.context.support.AnnotationConfigContextLoaderUtils -- Could not detect default configuration classes for test class [com.akash.Social_Media_App.SocialMediaAppApplicationTests]: SocialMediaAppApplicationTests does not declare any static, non-private, non-final, nested classes annotated with @Configuration.
22:46:53.390 [main] INFO org.springframework.boot.test.context.SpringBootTestContextBootstrapper -- Found @SpringBootConfiguration com.akash.Social_Media_App.SocialMediaAppApplication for test class com.akash.Social_Media_App.SocialMediaAppApplicationTests
22:46:53.797 [main] INFO org.springframework.boot.devtools.restart.RestartApplicationListener -- Restart disabled due to context in which it is running

  .   ____          _            __ _ _
 /\\ / ___'_ __ _ _(_)_ __  __ _ \ \ \ \
( ( )\___ | '_ | '_| | '_ \/ _` | \ \ \ \
 \\/  ___)| |_)| | | | | || (_| |  ) ) ) )
  '  |____| .__|_| |_|_| |_\__, | / / / /
 =========|_|==============|___/=/_/_/_/

 :: Spring Boot ::                (v3.3.1)

2024-07-23T22:46:54.426+05:30  INFO 42760 --- [MoodMesh] [           main] c.a.S.SocialMediaAppApplicationTests     : Starting SocialMediaAppApplicationTests using Java 17.0.5 with PID 42760 (started by user in D:\Coding\Spring Boot Java\Social_Media_App\backend)
2024-07-23T22:46:54.429+05:30  INFO 42760 --- [MoodMesh] [           main] c.a.S.SocialMediaAppApplicationTests     : No active profile set, falling back to 1 default profile: "default"
2024-07-23T22:46:56.113+05:30  INFO 42760 --- [MoodMesh] [           main] .s.d.r.c.RepositoryConfigurationDelegate : Bootstrapping Spring Data MongoDB repositories in DEFAULT mode.
2024-07-23T22:46:56.334+05:30  INFO 42760 --- [MoodMesh] [           main] .s.d.r.c.RepositoryConfigurationDelegate : Finished Spring Data repository scanning in 208 ms. Found 7 MongoDB repository interfaces.
2024-07-23T22:46:58.090+05:30  INFO 42760 --- [MoodMesh] [ltw.mongodb.net] org.mongodb.driver.cluster               : Adding discovered server ac-qqfhsnb-shard-00-01.qfneltw.mongodb.net:27017 to client view of cluster
2024-07-23T22:46:58.102+05:30  INFO 42760 --- [MoodMesh] [           main] org.mongodb.driver.client                : MongoClient with metadata {"application": {"name": "Cluster0"}, "driver": {"name": "mongo-java-driver|sync|spring-boot", "version": "5.0.1"}, "os": {"type": "Windows", "name": "Windows 10", "architecture": "amd64", "version": "10.0"}, "platform": "Java/Oracle Corporation/17.0.5+9-LTS-191"} created with settings MongoClientSettings{readPreference=primary, writeConcern=WriteConcern{w=majority, wTimeout=null ms, journal=null}, retryWrites=true, retryReads=true, readConcern=ReadConcern{level=null}, credential=MongoCredential{mechanism=null, userName='akashsuklabaidya593', source='admin', password=<hidden>, mechanismProperties=<hidden>}, transportSettings=null, commandListeners=[], codecRegistry=ProvidersCodecRegistry{codecProviders=[ValueCodecProvider{}, BsonValueCodecProvider{}, DBRefCodecProvider{}, DBObjectCodecProvider{}, DocumentCodecProvider{}, CollectionCodecProvider{}, IterableCodecProvider{}, MapCodecProvider{}, GeoJsonCodecProvider{}, GridFSFileCodecProvider{}, Jsr310CodecProvider{}, JsonObjectCodecProvider{}, BsonCodecProvider{}, EnumCodecProvider{}, com.mongodb.client.model.mql.ExpressionCodecProvider@e91b4f4, com.mongodb.Jep395RecordCodecProvider@2ffe243f, com.mongodb.KotlinCodecProvider@58ae402b]}, loggerSettings=LoggerSettings{maxDocumentLength=1000}, clusterSettings={hosts=[127.0.0.1:27017], srvHost=cluster0.qfneltw.mongodb.net, srvServiceName=mongodb, mode=MULTIPLE, requiredClusterType=REPLICA_SET, requiredReplicaSetName='atlas-1ey5lb-shard-0', serverSelector='null', clusterListeners='[]', serverSelectionTimeout='30000 ms', localThreshold='15 ms'}, socketSettings=SocketSettings{connectTimeoutMS=10000, readTimeoutMS=0, receiveBufferSize=0, proxySettings=ProxySettings{host=null, port=null, username=null, password=null}}, heartbeatSocketSettings=SocketSettings{connectTimeoutMS=10000, readTimeoutMS=10000, receiveBufferSize=0, proxySettings=ProxySettings{host=null, port=null, username=null, password=null}}, connectionPoolSettings=ConnectionPoolSettings{maxSize=100, minSize=0, maxWaitTimeMS=120000, maxConnectionLifeTimeMS=0, maxConnectionIdleTimeMS=0, maintenanceInitialDelayMS=0, maintenanceFrequencyMS=60000, connectionPoolListeners=[], maxConnecting=2}, serverSettings=ServerSettings{heartbeatFrequencyMS=10000, minHeartbeatFrequencyMS=500, serverListeners='[]', serverMonitorListeners='[]'}, sslSettings=SslSettings{enabled=true, invalidHostNameAllowed=false, context=null}, applicationName='Cluster0', compressorList=[], uuidRepresentation=JAVA_LEGACY, serverApi=null, autoEncryptionSettings=null, dnsClient=null, inetAddressResolver=null, contextProvider=null}
2024-07-23T22:46:58.186+05:30  INFO 42760 --- [MoodMesh] [ltw.mongodb.net] org.mongodb.driver.cluster               : Adding discovered server ac-qqfhsnb-shard-00-00.qfneltw.mongodb.net:27017 to client view of cluster
2024-07-23T22:46:58.196+05:30  INFO 42760 --- [MoodMesh] [ltw.mongodb.net] org.mongodb.driver.cluster               : Adding discovered server ac-qqfhsnb-shard-00-02.qfneltw.mongodb.net:27017 to client view of cluster
2024-07-23T22:46:59.388+05:30  INFO 42760 --- [MoodMesh] [ngodb.net:27017] org.mongodb.driver.cluster               : Monitor thread successfully connected to server with description ServerDescription{address=ac-qqfhsnb-shard-00-02.qfneltw.mongodb.net:27017, type=REPLICA_SET_PRIMARY, state=CONNECTED, ok=true, minWireVersion=0, maxWireVersion=21, maxDocumentSize=16777216, logicalSessionTimeoutMinutes=30, roundTripTimeNanos=474860600, setName='atlas-1ey5lb-shard-0', canonicalAddress=ac-qqfhsnb-shard-00-02.qfneltw.mongodb.net:27017, hosts=[ac-qqfhsnb-shard-00-01.qfneltw.mongodb.net:27017, ac-qqfhsnb-shard-00-00.qfneltw.mongodb.net:27017, ac-qqfhsnb-shard-00-02.qfneltw.mongodb.net:27017], passives=[], arbiters=[], primary='ac-qqfhsnb-shard-00-02.qfneltw.mongodb.net:27017', tagSet=TagSet{[Tag{name='availabilityZone', value='aps1-az2'}, Tag{name='diskState', value='READY'}, Tag{name='nodeType', value='ELECTABLE'}, Tag{name='provider', value='AWS'}, Tag{name='region', value='AP_SOUTH_1'}, Tag{name='workloadType', value='OPERATIONAL'}]}, electionId=7fffffff0000000000000052, setVersion=74, topologyVersion=TopologyVersion{processId=669e8600e356d3e03fe3d50b, counter=9}, lastWriteDate=Tue Jul 23 22:46:59 IST 2024, lastUpdateTimeNanos=451845868470400}
2024-07-23T22:46:59.390+05:30  INFO 42760 --- [MoodMesh] [ngodb.net:27017] org.mongodb.driver.cluster               : Monitor thread successfully connected to server with description ServerDescription{address=ac-qqfhsnb-shard-00-01.qfneltw.mongodb.net:27017, type=REPLICA_SET_SECONDARY, state=CONNECTED, ok=true, minWireVersion=0, maxWireVersion=21, maxDocumentSize=16777216, logicalSessionTimeoutMinutes=30, roundTripTimeNanos=478218100, setName='atlas-1ey5lb-shard-0', canonicalAddress=ac-qqfhsnb-shard-00-01.qfneltw.mongodb.net:27017, hosts=[ac-qqfhsnb-shard-00-01.qfneltw.mongodb.net:27017, ac-qqfhsnb-shard-00-00.qfneltw.mongodb.net:27017, ac-qqfhsnb-shard-00-02.qfneltw.mongodb.net:27017], passives=[], arbiters=[], primary='ac-qqfhsnb-shard-00-02.qfneltw.mongodb.net:27017', tagSet=TagSet{[Tag{name='availabilityZone', value='aps1-az3'}, Tag{name='diskState', value='READY'}, Tag{name='nodeType', value='ELECTABLE'}, Tag{name='provider', value='AWS'}, Tag{name='region', value='AP_SOUTH_1'}, Tag{name='workloadType', value='OPERATIONAL'}]}, electionId=null, setVersion=74, topologyVersion=TopologyVersion{processId=669e88c5eb15b00aecfca81d, counter=5}, lastWriteDate=Tue Jul 23 22:46:59 IST 2024, lastUpdateTimeNanos=451845868628100}
2024-07-23T22:46:59.389+05:30  INFO 42760 --- [MoodMesh] [ngodb.net:27017] org.mongodb.driver.cluster               : Monitor thread successfully connected to server with description ServerDescription{address=ac-qqfhsnb-shard-00-00.qfneltw.mongodb.net:27017, type=REPLICA_SET_SECONDARY, state=CONNECTED, ok=true, minWireVersion=0, maxWireVersion=21, maxDocumentSize=16777216, logicalSessionTimeoutMinutes=30, roundTripTimeNanos=474962800, setName='atlas-1ey5lb-shard-0', canonicalAddress=ac-qqfhsnb-shard-00-00.qfneltw.mongodb.net:27017, hosts=[ac-qqfhsnb-shard-00-01.qfneltw.mongodb.net:27017, ac-qqfhsnb-shard-00-00.qfneltw.mongodb.net:27017, ac-qqfhsnb-shard-00-02.qfneltw.mongodb.net:27017], passives=[], arbiters=[], primary='ac-qqfhsnb-shard-00-02.qfneltw.mongodb.net:27017', tagSet=TagSet{[Tag{name='availabilityZone', value='aps1-az1'}, Tag{name='diskState', value='READY'}, Tag{name='nodeType', value='ELECTABLE'}, Tag{name='provider', value='AWS'}, Tag{name='region', value='AP_SOUTH_1'}, Tag{name='workloadType', value='OPERATIONAL'}]}, electionId=null, setVersion=74, topologyVersion=TopologyVersion{processId=669e873537e69200d8dec706, counter=5}, lastWriteDate=Tue Jul 23 22:46:59 IST 2024, lastUpdateTimeNanos=451845868362900}
2024-07-23T22:46:59.397+05:30  INFO 42760 --- [MoodMesh] [ngodb.net:27017] org.mongodb.driver.cluster               : Discovered replica set primary ac-qqfhsnb-shard-00-02.qfneltw.mongodb.net:27017 with max election id 7fffffff0000000000000052 and max set version 74
2024-07-23T22:47:00.490+05:30  INFO 42760 --- [MoodMesh] [           main] r$InitializeUserDetailsManagerConfigurer : Global AuthenticationManager configured with UserDetailsService bean with name customerUserDetailService
2024-07-23T22:47:02.140+05:30  INFO 42760 --- [MoodMesh] [           main] c.a.S.SocialMediaAppApplicationTests     : Started SocialMediaAppApplicationTests in 8.371 seconds (process running for 10.618)
]]></system-out>
  </testcase>
</testsuite>